C:\Users\ASUS\OneDrive\Desktop\Anvesan\node_modules\.pnpm\rollup@4.59.0\node_modules\rollup\dist\native.js:115
		throw new Error(
		      ^

Error: Cannot find module @rollup/rollup-win32-x64-msvc. npm has a bug related to optional dependencies (https://github.com/npm/cli/issues/4828). Please try `npm i` again after removing both package-lock.json and node_modules directory.
    at requireWithFriendlyError (C:\Users\ASUS\OneDrive\Desktop\Anvesan\node_modules\.pnpm\rollup@4.59.0\node_modules\rollup\dist\native.js:115:9)
    at Object.<anonymous> (C:\Users\ASUS\OneDrive\Desktop\Anvesan\node_modules\.pnpm\rollup@4.59.0\node_modules\rollup\dist\native.js:124:76)
    at Module._compile (node:internal/modules/cjs/loader:1562:14)
    at Object..js (node:internal/modules/cjs/loader:1699:10)
    at Module.load (node:internal/modules/cjs/loader:1313:32)
    at Function._load (node:internal/modules/cjs/loader:1123:12)
    at TracingChannel.traceSync (node:diagnostics_channel:322:14)
    at wrapModuleLoad (node:internal/modules/cjs/loader:217:24)
    at cjsLoader (node:internal/modules/esm/translators:263:5)
    at ModuleWrap.<anonymous> (node:internal/modules/esm/translators:196:7) {
  [cause]: Error: Cannot find module '@rollup/rollup-win32-x64-msvc'
  Require stack:
  - C:\Users\ASUS\OneDrive\Desktop\Anvesan\node_modules\.pnpm\rollup@4.59.0\node_modules\rollup\dist\native.js
      at Function._resolveFilename (node:internal/modules/cjs/loader:1244:15)
      at Function._load (node:internal/modules/cjs/loader:1070:27)
      at TracingChannel.traceSync (node:diagnostics_channel:322:14)
      at wrapModuleLoad (node:internal/modules/cjs/loader:217:24)
      at Module.require (node:internal/modules/cjs/loader:1335:12)
      at require (node:internal/modules/helpers:136:16)
      at requireWithFriendlyError (C:\Users\ASUS\OneDrive\Desktop\Anvesan\node_modules\.pnpm\rollup@4.59.0\node_modules\rollup\dist\native.js:97:10)
      at Object.<anonymous> (C:\Users\ASUS\OneDrive\Desktop\Anvesan\node_modules\.pnpm\rollup@4.59.0\node_modules\rollup\dist\native.js:124:76)
      at Module._compile (node:internal/modules/cjs/loader:1562:14)
      at Object..js (node:internal/modules/cjs/loader:1699:10) {
    code: 'MODULE_NOT_FOUND',
    requireStack: [
      'C:\\Users\\ASUS\\OneDrive\\Desktop\\Anvesan\\node_modules\\.pnpm\\rollup@4.59.0\\node_modules\\rollup\\dist\\native.js'
    ]
  }
}

Node.js v22.13.1
